#
# A fatal error has been detected by the Java Runtime Environment:
#
#  EXCEPTION_ACCESS_VIOLATION (0xc0000005) at pc=0x00007ff8fa3d1d17, pid=11528, tid=14804
#
# JRE version: Java(TM) SE Runtime Environment (21.0.7+8) (build 21.0.7+8-LTS-245)
# Java VM: Java HotSpot(TM) 64-Bit Server VM (21.0.7+8-LTS-245, mixed mode, sharing, tiered, compressed oops, compressed class ptrs, g1 gc, windows-amd64)
# Problematic frame:
# V  [jvm.dll+0x1e1d17]
#
# No core dump will be written. Minidumps are not enabled by default on client versions of Windows
#
# If you would like to submit a bug report, please visit:
#   https://bugreport.java.com/bugreport/crash.jsp
#

---------------  S U M M A R Y ------------

Command Line: --enable-native-access=ALL-UNNAMED -Dclassworlds.conf=C:\Users\PC\Downloads\apache-maven-3.9.11\bin\m2.conf -Dmaven.home=C:\Users\PC\Downloads\apache-maven-3.9.11 -Dlibrary.jansi.path=C:\Users\PC\Downloads\apache-maven-3.9.11\lib\jansi-native -Dmaven.multiModuleProjectDirectory=D:\Kevin_Vekariya\Fitness-microservice-main\activityservice org.codehaus.plexus.classworlds.launcher.Launcher compile com.google.cloud.tools:jib-maven-plugin:3.1.1:dockerBuild

Host: Intel(R) Core(TM) i3-10100 CPU @ 3.60GHz, 8 cores, 7G,  Windows 11 , 64 bit Build 26100 (10.0.26100.4768)
Time: Fri Jul 25 13:20:29 2025 India Standard Time elapsed time: 2.461522 seconds (0d 0h 0m 2s)

---------------  T H R E A D  ---------------

Current thread (0x000002727566f3a0):  JavaThread "C2 CompilerThread1" daemon [_thread_in_native, id=14804, stack(0x000000daf2100000,0x000000daf2200000) (1024K)]


Current CompileTask:
C2:   2461 4035   !   4       org.codehaus.plexus.interpolation.StringSearchInterpolator::interpolate (692 bytes)

Stack: [0x000000daf2100000,0x000000daf2200000],  sp=0x000000daf21fcd90,  free space=1011k
Native frames: (J=compiled Java code, j=interpreted, Vv=VM code, C=native code)
V  [jvm.dll+0x1e1d17]
V  [jvm.dll+0x1df6a4]
V  [jvm.dll+0x246c82]
V  [jvm.dll+0x24610f]
V  [jvm.dll+0x1c6efe]
V  [jvm.dll+0x255819]
V  [jvm.dll+0x253daa]
V  [jvm.dll+0x3eebb6]
V  [jvm.dll+0x7ffa1b]
V  [jvm.dll+0x6c94fd]
C  [ucrtbase.dll+0x37b0]
C  [KERNEL32.DLL+0x2e8d7]
C  [ntdll.dll+0x3c34c]


siginfo: EXCEPTION_ACCESS_VIOLATION (0xc0000005), reading address 0x00007fd8fab3ea38


Registers:
RAX=0x00007fd8fab3e970, RBX=0x0000000000000001, RCX=0x0000027275e4e978, RDX=0x0000000000000000
RSP=0x000000daf21fcd90, RBP=0x0000027275e4eaa0, RSI=0x000000daf21fd2a0, RDI=0xffffffffffffffff
R8 =0x00000000ffffffff, R9 =0x0000000000000001, R10=0x0000000000000008, R11=0x3333333333333333
R12=0x0000000000000001, R13=0x0000000000000001, R14=0x0000027275e4e978, R15=0x00007ff8fadaa790
RIP=0x00007ff8fa3d1d17, EFLAGS=0x0000000000010246


Register to memory mapping:

RAX=0x00007fd8fab3e970 is an unknown value
RBX=0x0000000000000001 is an unknown value
RCX=0x0000027275e4e978 points into unknown readable memory: 0x00007fd8fab3e970 | 70 e9 b3 fa d8 7f 00 00
RDX=0x0 is null
RSP=0x000000daf21fcd90 is pointing into the stack for thread: 0x000002727566f3a0
RBP=0x0000027275e4eaa0 points into unknown readable memory: 0x00007ff8fab87060 | 60 70 b8 fa f8 7f 00 00
RSI=0x000000daf21fd2a0 is pointing into the stack for thread: 0x000002727566f3a0
RDI=0xffffffffffffffff is an unknown value
R8 =0x00000000ffffffff is an unallocated location in the heap
R9 =0x0000000000000001 is an unknown value
R10=0x0000000000000008 is an unknown value
R11=0x3333333333333333 is an unknown value
R12=0x0000000000000001 is an unknown value
R13=0x0000000000000001 is an unknown value
R14=0x0000027275e4e978 points into unknown readable memory: 0x00007fd8fab3e970 | 70 e9 b3 fa d8 7f 00 00
R15=0x00007ff8fadaa790 jvm.dll

Top of Stack: (sp=0x000000daf21fcd90)
0x000000daf21fcd90:   000000000000000f 0000027275345138
0x000000daf21fcda0:   00000000000003c8 0000027275e4ec00
0x000000daf21fcdb0:   000001e200000001 00007ff800000001
0x000000daf21fcdc0:   0000027275e4eaa0 0000000000000000
0x000000daf21fcdd0:   0000000000000000 0000000000000000
0x000000daf21fcde0:   00000000000d61d0 000002722fc73040
0x000000daf21fcdf0:   000000daf21fd380 0000000000000001
0x000000daf21fce00:   000002722fc73050 0000000000000000
0x000000daf21fce10:   000002722fc73428 000000daf21fcf30
0x000000daf21fce20:   000000daf21fd2a0 00007ff8fa3cf6a4
0x000000daf21fce30:   000000daf21fd2a0 000000daf21fd201
0x000000daf21fce40:   000000daf21fcf01 00007ff8ffffffff
0x000000daf21fce50:   000002722f9d1f00 0000000000000070
0x000000daf21fce60:   00007ff9632a8807 000002722fc73040
0x000000daf21fce70:   0000027275db1fd0 0000027275db56e0
0x000000daf21fce80:   0000027275db9fb8 0000000000260d70
0x000000daf21fce90:   000002722fc73050 00007ff963180139
0x000000daf21fcea0:   0000000000000000 0000000000000000
0x000000daf21fceb0:   000000000000000e 0000000000000000
0x000000daf21fcec0:   00000000000089e8 00007ff8fab9b840
0x000000daf21fced0:   0000000000000000 0000000000000000
0x000000daf21fcee0:   0000000000000000 00007ff8fab9b840
0x000000daf21fcef0:   000002727520e700 00007ff8fa2b4e9e
0x000000daf21fcf00:   000000000000000c 000000daf21fe780
0x000000daf21fcf10:   0000027276cfc120 000002727520e700
0x000000daf21fcf20:   0000027276dbec40 0000027200001378
0x000000daf21fcf30:   000000daf21fce60 000002722fc73050
0x000000daf21fcf40:   00007ff8fab9b810 000000000000000d
0x000000daf21fcf50:   000000daf21fe780 000000daf21fd2a0
0x000000daf21fcf60:   0000027200002670 000002727520e7c0
0x000000daf21fcf70:   000000000000000a 000000daf21fe780
0x000000daf21fcf80:   0000027276c08d20 0000000000000000 

Instructions: (pc=0x00007ff8fa3d1d17)
0x00007ff8fa3d1c17:   c4 c8 00 00 00 41 5e 41 5d c3 cc cc cc cc cc cc
0x00007ff8fa3d1c27:   cc cc cc cc cc cc cc cc cc 88 54 24 10 48 89 4c
0x00007ff8fa3d1c37:   24 08 53 55 56 57 41 54 41 55 41 56 41 57 48 83
0x00007ff8fa3d1c47:   ec 58 48 8b 41 48 48 8b f1 0f 29 74 24 40 4c 8b
0x00007ff8fa3d1c57:   40 10 49 8b 40 08 4c 8b 40 08 49 8b 40 08 4c 8b
0x00007ff8fa3d1c67:   40 18 48 8b 81 08 01 00 00 49 63 50 28 8b 0c 90
0x00007ff8fa3d1c77:   48 8b 46 70 48 69 d1 b0 00 00 00 48 8b 48 20 f2
0x00007ff8fa3d1c87:   0f 10 04 0a f2 0f 58 05 95 9d 7c 00 f2 0f 11 04
0x00007ff8fa3d1c97:   0a 33 c9 48 8b 46 48 89 4c 24 24 39 48 40 0f 86
0x00007ff8fa3d1ca7:   c9 05 00 00 f2 0f 10 35 9d b4 7a 00 48 8d 79 ff
0x00007ff8fa3d1cb7:   44 8d 69 01 0f 1f 44 00 00 48 8b 40 30 48 8b 2c
0x00007ff8fa3d1cc7:   c8 41 8b c5 48 89 6c 24 30 89 44 24 20 83 7d 28
0x00007ff8fa3d1cd7:   01 0f 86 7f 05 00 00 66 90 3b 45 18 73 0c 8b c8
0x00007ff8fa3d1ce7:   48 8b 45 20 4c 8b 34 c8 eb 03 45 33 f6 41 8b 46
0x00007ff8fa3d1cf7:   2c 45 8b e5 24 03 c6 84 24 b0 00 00 00 00 3c 02
0x00007ff8fa3d1d07:   75 17 49 8b 06 49 8b ce c6 84 24 b0 00 00 00 01
0x00007ff8fa3d1d17:   ff 90 c8 00 00 00 44 8b e0 48 8b 86 08 01 00 00
0x00007ff8fa3d1d27:   49 63 4e 28 8b 14 88 48 8b 46 70 48 69 da b0 00
0x00007ff8fa3d1d37:   00 00 48 03 58 20 85 d2 0f 84 7a 02 00 00 49 8b
0x00007ff8fa3d1d47:   06 49 8b ce ff 50 28 48 8b e8 8b 48 10 83 f9 22
0x00007ff8fa3d1d57:   74 11 83 f9 1f 7e 0c 83 f9 25 7d 07 83 8b a8 00
0x00007ff8fa3d1d67:   00 00 02 41 8b 4e 28 8b c1 c1 e8 05 3b 46 78 73
0x00007ff8fa3d1d77:   56 8b d0 83 e1 1f 48 8b 86 80 00 00 00 8b 04 90
0x00007ff8fa3d1d87:   0f a3 c8 73 42 44 8b 83 a8 00 00 00 41 83 c8 20
0x00007ff8fa3d1d97:   44 89 83 a8 00 00 00 41 8b 4e 28 8b c1 c1 e8 05
0x00007ff8fa3d1da7:   3b 86 98 00 00 00 73 1f 8b d0 83 e1 1f 48 8b 86
0x00007ff8fa3d1db7:   a0 00 00 00 8b 04 90 0f a3 c8 73 0b 41 83 c8 40
0x00007ff8fa3d1dc7:   44 89 83 a8 00 00 00 48 83 7b 18 00 49 8b c6 49
0x00007ff8fa3d1dd7:   8b ce 48 0f 45 c7 48 89 43 18 49 8b 06 ff 90 80
0x00007ff8fa3d1de7:   00 00 00 8b 93 90 00 00 00 4c 8b f8 8b 8b 94 00
0x00007ff8fa3d1df7:   00 00 3b d1 77 1a 0f 1f 00 8b ca ff c2 49 8b 04
0x00007ff8fa3d1e07:   cf 48 21 44 cb 38 8b 8b 94 00 00 00 3b d1 76 e9 


Stack slot to memory mapping:

stack at sp + 0 slots: 0x000000000000000f is an unknown value
stack at sp + 1 slots: 0x0000027275345138 points into unknown readable memory: 0x00007ff8fab3eaf8 | f8 ea b3 fa f8 7f 00 00
stack at sp + 2 slots: 0x00000000000003c8 is an unknown value
stack at sp + 3 slots: 0x0000027275e4ec00 points into unknown readable memory: 0x00007ff8fab87060 | 60 70 b8 fa f8 7f 00 00
stack at sp + 4 slots: 0x000001e200000001 is an unknown value
stack at sp + 5 slots: 0x00007ff800000001 is an unknown value
stack at sp + 6 slots: 0x0000027275e4eaa0 points into unknown readable memory: 0x00007ff8fab87060 | 60 70 b8 fa f8 7f 00 00
stack at sp + 7 slots: 0x0 is null


---------------  P R O C E S S  ---------------

Threads class SMR info:
_java_thread_list=0x00000272759da820, length=14, elements={
0x0000027210d70e00, 0x000002722fa015e0, 0x000002722fa02230, 0x000002722fa070c0,
0x000002722fa0ad90, 0x000002722fa0c350, 0x000002722fa0dca0, 0x000002722fa170b0,
0x000002722fa23400, 0x000002722fd34060, 0x000002722fd33340, 0x000002727566f3a0,
0x00000272757de4c0, 0x000002722fd34d80
}

Java Threads: ( => current thread )
  0x0000027210d70e00 JavaThread "main"                              [_thread_in_native, id=12280, stack(0x000000daf0f00000,0x000000daf1000000) (1024K)]
  0x000002722fa015e0 JavaThread "Reference Handler"          daemon [_thread_blocked, id=2148, stack(0x000000daf1700000,0x000000daf1800000) (1024K)]
  0x000002722fa02230 JavaThread "Finalizer"                  daemon [_thread_blocked, id=3672, stack(0x000000daf1800000,0x000000daf1900000) (1024K)]
  0x000002722fa070c0 JavaThread "Signal Dispatcher"          daemon [_thread_blocked, id=17652, stack(0x000000daf1900000,0x000000daf1a00000) (1024K)]
  0x000002722fa0ad90 JavaThread "Attach Listener"            daemon [_thread_blocked, id=2744, stack(0x000000daf1a00000,0x000000daf1b00000) (1024K)]
  0x000002722fa0c350 JavaThread "Service Thread"             daemon [_thread_blocked, id=11868, stack(0x000000daf1b00000,0x000000daf1c00000) (1024K)]
  0x000002722fa0dca0 JavaThread "Monitor Deflation Thread"   daemon [_thread_blocked, id=18172, stack(0x000000daf1c00000,0x000000daf1d00000) (1024K)]
  0x000002722fa170b0 JavaThread "C2 CompilerThread0"         daemon [_thread_blocked, id=11508, stack(0x000000daf1d00000,0x000000daf1e00000) (1024K)]
  0x000002722fa23400 JavaThread "C1 CompilerThread0"         daemon [_thread_in_vm, id=10744, stack(0x000000daf1e00000,0x000000daf1f00000) (1024K)]
  0x000002722fd34060 JavaThread "Notification Thread"        daemon [_thread_blocked, id=17076, stack(0x000000daf1f00000,0x000000daf2000000) (1024K)]
  0x000002722fd33340 JavaThread "Common-Cleaner"             daemon [_thread_blocked, id=1160, stack(0x000000daf2000000,0x000000daf2100000) (1024K)]
=>0x000002727566f3a0 JavaThread "C2 CompilerThread1"         daemon [_thread_in_native, id=14804, stack(0x000000daf2100000,0x000000daf2200000) (1024K)]
  0x00000272757de4c0 JavaThread "C2 CompilerThread2"         daemon [_thread_blocked, id=3356, stack(0x000000daf2200000,0x000000daf2300000) (1024K)]
  0x000002722fd34d80 JavaThread "Thread-1"                   daemon [_thread_blocked, id=4708, stack(0x000000daf2a00000,0x000000daf2b00000) (1024K)]
Total: 14

Other Threads:
  0x000002722f9e44d0 VMThread "VM Thread"                           [id=6908, stack(0x000000daf1600000,0x000000daf1700000) (1024K)]
  0x000002722f9d2b30 WatcherThread "VM Periodic Task Thread"        [id=14980, stack(0x000000daf1500000,0x000000daf1600000) (1024K)]
  0x000002721310bf50 WorkerThread "GC Thread#0"                     [id=16112, stack(0x000000daf1000000,0x000000daf1100000) (1024K)]
  0x0000027275c9d700 WorkerThread "GC Thread#1"                     [id=15696, stack(0x000000daf2300000,0x000000daf2400000) (1024K)]
  0x0000027275a505e0 WorkerThread "GC Thread#2"                     [id=18216, stack(0x000000daf2400000,0x000000daf2500000) (1024K)]
  0x00000272759a9890 WorkerThread "GC Thread#3"                     [id=18136, stack(0x000000daf2500000,0x000000daf2600000) (1024K)]
  0x0000027275a51170 WorkerThread "GC Thread#4"                     [id=18252, stack(0x000000daf2600000,0x000000daf2700000) (1024K)]
  0x00000272759d5040 WorkerThread "GC Thread#5"                     [id=15292, stack(0x000000daf2700000,0x000000daf2800000) (1024K)]
  0x0000027275c0a5f0 WorkerThread "GC Thread#6"                     [id=4168, stack(0x000000daf2800000,0x000000daf2900000) (1024K)]
  0x0000027275c0c9a0 WorkerThread "GC Thread#7"                     [id=14808, stack(0x000000daf2900000,0x000000daf2a00000) (1024K)]
  0x000002721311c9f0 ConcurrentGCThread "G1 Main Marker"            [id=11792, stack(0x000000daf1100000,0x000000daf1200000) (1024K)]
  0x000002721311e370 WorkerThread "G1 Conc#0"                       [id=3452, stack(0x000000daf1200000,0x000000daf1300000) (1024K)]
  0x000002722f89f550 ConcurrentGCThread "G1 Refine#0"               [id=18104, stack(0x000000daf1300000,0x000000daf1400000) (1024K)]
  0x000002722f8a0f70 ConcurrentGCThread "G1 Service"                [id=2016, stack(0x000000daf1400000,0x000000daf1500000) (1024K)]
Total: 14

Threads with active compile tasks:
C1 CompilerThread0     2502 4314       3       org.apache.maven.model.io.xpp3.MavenXpp3Reader::parseContributor (482 bytes)
C2 CompilerThread1     2502 4035   !   4       org.codehaus.plexus.interpolation.StringSearchInterpolator::interpolate (692 bytes)
Total: 2

VM state: not at safepoint (normal execution)

VM Mutex/Monitor currently owned by a thread: None

Heap address: 0x0000000082a00000, size: 2006 MB, Compressed Oops mode: 32-bit

CDS archive(s) mapped at: [0x0000027230000000-0x0000027230c90000-0x0000027230c90000), size 13172736, SharedBaseAddress: 0x0000027230000000, ArchiveRelocationMode: 1.
Compressed class space mapped at: 0x0000027231000000-0x0000027271000000, reserved size: 1073741824
Narrow klass base: 0x0000027230000000, Narrow klass shift: 0, Narrow klass range: 0x100000000

GC Precious Log:
 CardTable entry size: 512
 Card Set container configuration: InlinePtr #cards 5 size 8 Array Of Cards #cards 12 size 40 Howl #buckets 4 coarsen threshold 1843 Howl Bitmap #cards 512 size 80 coarsen threshold 460 Card regions per heap region 1 cards per card region 2048
 CPUs: 8 total, 8 available
 Memory: 8021M
 Large Page Support: Disabled
 NUMA Support: Disabled
 Compressed Oops: Enabled (32-bit)
 Heap Region Size: 1M
 Heap Min Capacity: 8M
 Heap Initial Capacity: 126M
 Heap Max Capacity: 2006M
 Pre-touch: Disabled
 Parallel Workers: 8
 Concurrent Workers: 2
 Concurrent Refinement Workers: 8
 Periodic GC: Disabled

Heap:
 garbage-first heap   total 129024K, used 34294K [0x0000000082a00000, 0x0000000100000000)
  region size 1024K, 31 young (31744K), 10 survivors (10240K)
 Metaspace       used 16222K, committed 16512K, reserved 1114112K
  class space    used 1852K, committed 1984K, reserved 1048576K

Heap Regions: E=young(eden), S=young(survivor), O=old, HS=humongous(starts), HC=humongous(continues), CS=collection set, F=free, TAMS=top-at-mark-start, PB=parsable bottom
|   0|0x0000000082a00000, 0x0000000082b00000, 0x0000000082b00000|100%| O|  |TAMS 0x0000000082a00000| PB 0x0000000082a00000| Untracked 
|   1|0x0000000082b00000, 0x0000000082c00000, 0x0000000082c00000|100%| O|  |TAMS 0x0000000082b00000| PB 0x0000000082b00000| Untracked 
|   2|0x0000000082c00000, 0x0000000082d00000, 0x0000000082d00000|100%| O|  |TAMS 0x0000000082c00000| PB 0x0000000082c00000| Untracked 
|   3|0x0000000082d00000, 0x0000000082dc4040, 0x0000000082e00000| 76%| O|  |TAMS 0x0000000082d00000| PB 0x0000000082d00000| Untracked 
|   4|0x0000000082e00000, 0x0000000082e00000, 0x0000000082f00000|  0%| F|  |TAMS 0x0000000082e00000| PB 0x0000000082e00000| Untracked 
|   5|0x0000000082f00000, 0x0000000082f00000, 0x0000000083000000|  0%| F|  |TAMS 0x0000000082f00000| PB 0x0000000082f00000| Untracked 
|   6|0x0000000083000000, 0x0000000083000000, 0x0000000083100000|  0%| F|  |TAMS 0x0000000083000000| PB 0x0000000083000000| Untracked 
|   7|0x0000000083100000, 0x0000000083100000, 0x0000000083200000|  0%| F|  |TAMS 0x0000000083100000| PB 0x0000000083100000| Untracked 
|   8|0x0000000083200000, 0x0000000083200000, 0x0000000083300000|  0%| F|  |TAMS 0x0000000083200000| PB 0x0000000083200000| Untracked 
|   9|0x0000000083300000, 0x0000000083300000, 0x0000000083400000|  0%| F|  |TAMS 0x0000000083300000| PB 0x0000000083300000| Untracked 
|  10|0x0000000083400000, 0x0000000083400000, 0x0000000083500000|  0%| F|  |TAMS 0x0000000083400000| PB 0x0000000083400000| Untracked 
|  11|0x0000000083500000, 0x0000000083500000, 0x0000000083600000|  0%| F|  |TAMS 0x0000000083500000| PB 0x0000000083500000| Untracked 
|  12|0x0000000083600000, 0x0000000083600000, 0x0000000083700000|  0%| F|  |TAMS 0x0000000083600000| PB 0x0000000083600000| Untracked 
|  13|0x0000000083700000, 0x0000000083700000, 0x0000000083800000|  0%| F|  |TAMS 0x0000000083700000| PB 0x0000000083700000| Untracked 
|  14|0x0000000083800000, 0x0000000083800000, 0x0000000083900000|  0%| F|  |TAMS 0x0000000083800000| PB 0x0000000083800000| Untracked 
|  15|0x0000000083900000, 0x0000000083900000, 0x0000000083a00000|  0%| F|  |TAMS 0x0000000083900000| PB 0x0000000083900000| Untracked 
|  16|0x0000000083a00000, 0x0000000083a00000, 0x0000000083b00000|  0%| F|  |TAMS 0x0000000083a00000| PB 0x0000000083a00000| Untracked 
|  17|0x0000000083b00000, 0x0000000083b00000, 0x0000000083c00000|  0%| F|  |TAMS 0x0000000083b00000| PB 0x0000000083b00000| Untracked 
|  18|0x0000000083c00000, 0x0000000083c00000, 0x0000000083d00000|  0%| F|  |TAMS 0x0000000083c00000| PB 0x0000000083c00000| Untracked 
|  19|0x0000000083d00000, 0x0000000083d00000, 0x0000000083e00000|  0%| F|  |TAMS 0x0000000083d00000| PB 0x0000000083d00000| Untracked 
|  20|0x0000000083e00000, 0x0000000083e00000, 0x0000000083f00000|  0%| F|  |TAMS 0x0000000083e00000| PB 0x0000000083e00000| Untracked 
|  21|0x0000000083f00000, 0x0000000083f00000, 0x0000000084000000|  0%| F|  |TAMS 0x0000000083f00000| PB 0x0000000083f00000| Untracked 
|  22|0x0000000084000000, 0x0000000084000000, 0x0000000084100000|  0%| F|  |TAMS 0x0000000084000000| PB 0x0000000084000000| Untracked 
|  23|0x0000000084100000, 0x0000000084100000, 0x0000000084200000|  0%| F|  |TAMS 0x0000000084100000| PB 0x0000000084100000| Untracked 
|  24|0x0000000084200000, 0x0000000084200000, 0x0000000084300000|  0%| F|  |TAMS 0x0000000084200000| PB 0x0000000084200000| Untracked 
|  25|0x0000000084300000, 0x0000000084300000, 0x0000000084400000|  0%| F|  |TAMS 0x0000000084300000| PB 0x0000000084300000| Untracked 
|  26|0x0000000084400000, 0x0000000084400000, 0x0000000084500000|  0%| F|  |TAMS 0x0000000084400000| PB 0x0000000084400000| Untracked 
|  27|0x0000000084500000, 0x0000000084500000, 0x0000000084600000|  0%| F|  |TAMS 0x0000000084500000| PB 0x0000000084500000| Untracked 
|  28|0x0000000084600000, 0x0000000084600000, 0x0000000084700000|  0%| F|  |TAMS 0x0000000084600000| PB 0x0000000084600000| Untracked 
|  29|0x0000000084700000, 0x0000000084700000, 0x0000000084800000|  0%| F|  |TAMS 0x0000000084700000| PB 0x0000000084700000| Untracked 
|  30|0x0000000084800000, 0x0000000084800000, 0x0000000084900000|  0%| F|  |TAMS 0x0000000084800000| PB 0x0000000084800000| Untracked 
|  31|0x0000000084900000, 0x0000000084900000, 0x0000000084a00000|  0%| F|  |TAMS 0x0000000084900000| PB 0x0000000084900000| Untracked 
|  32|0x0000000084a00000, 0x0000000084a00000, 0x0000000084b00000|  0%| F|  |TAMS 0x0000000084a00000| PB 0x0000000084a00000| Untracked 
|  33|0x0000000084b00000, 0x0000000084b00000, 0x0000000084c00000|  0%| F|  |TAMS 0x0000000084b00000| PB 0x0000000084b00000| Untracked 
|  34|0x0000000084c00000, 0x0000000084c00000, 0x0000000084d00000|  0%| F|  |TAMS 0x0000000084c00000| PB 0x0000000084c00000| Untracked 
|  35|0x0000000084d00000, 0x0000000084d00000, 0x0000000084e00000|  0%| F|  |TAMS 0x0000000084d00000| PB 0x0000000084d00000| Untracked 
|  36|0x0000000084e00000, 0x0000000084e00000, 0x0000000084f00000|  0%| F|  |TAMS 0x0000000084e00000| PB 0x0000000084e00000| Untracked 
|  37|0x0000000084f00000, 0x0000000084f00000, 0x0000000085000000|  0%| F|  |TAMS 0x0000000084f00000| PB 0x0000000084f00000| Untracked 
|  38|0x0000000085000000, 0x0000000085000000, 0x0000000085100000|  0%| F|  |TAMS 0x0000000085000000| PB 0x0000000085000000| Untracked 
|  39|0x0000000085100000, 0x0000000085100000, 0x0000000085200000|  0%| F|  |TAMS 0x0000000085100000| PB 0x0000000085100000| Untracked 
|  40|0x0000000085200000, 0x0000000085200000, 0x0000000085300000|  0%| F|  |TAMS 0x0000000085200000| PB 0x0000000085200000| Untracked 
|  41|0x0000000085300000, 0x00000000853b98e0, 0x0000000085400000| 72%| S|CS|TAMS 0x0000000085300000| PB 0x0000000085300000| Complete 
|  42|0x0000000085400000, 0x0000000085500000, 0x0000000085500000|100%| S|CS|TAMS 0x0000000085400000| PB 0x0000000085400000| Complete 
|  43|0x0000000085500000, 0x0000000085600000, 0x0000000085600000|100%| S|CS|TAMS 0x0000000085500000| PB 0x0000000085500000| Complete 
|  44|0x0000000085600000, 0x0000000085700000, 0x0000000085700000|100%| S|CS|TAMS 0x0000000085600000| PB 0x0000000085600000| Complete 
|  45|0x0000000085700000, 0x0000000085800000, 0x0000000085800000|100%| S|CS|TAMS 0x0000000085700000| PB 0x0000000085700000| Complete 
|  46|0x0000000085800000, 0x0000000085900000, 0x0000000085900000|100%| S|CS|TAMS 0x0000000085800000| PB 0x0000000085800000| Complete 
|  47|0x0000000085900000, 0x0000000085a00000, 0x0000000085a00000|100%| S|CS|TAMS 0x0000000085900000| PB 0x0000000085900000| Complete 
|  48|0x0000000085a00000, 0x0000000085b00000, 0x0000000085b00000|100%| S|CS|TAMS 0x0000000085a00000| PB 0x0000000085a00000| Complete 
|  49|0x0000000085b00000, 0x0000000085c00000, 0x0000000085c00000|100%| S|CS|TAMS 0x0000000085b00000| PB 0x0000000085b00000| Complete 
|  50|0x0000000085c00000, 0x0000000085d00000, 0x0000000085d00000|100%| S|CS|TAMS 0x0000000085c00000| PB 0x0000000085c00000| Complete 
|  51|0x0000000085d00000, 0x0000000085d00000, 0x0000000085e00000|  0%| F|  |TAMS 0x0000000085d00000| PB 0x0000000085d00000| Untracked 
|  52|0x0000000085e00000, 0x0000000085e00000, 0x0000000085f00000|  0%| F|  |TAMS 0x0000000085e00000| PB 0x0000000085e00000| Untracked 
|  53|0x0000000085f00000, 0x0000000085f00000, 0x0000000086000000|  0%| F|  |TAMS 0x0000000085f00000| PB 0x0000000085f00000| Untracked 
|  54|0x0000000086000000, 0x0000000086000000, 0x0000000086100000|  0%| F|  |TAMS 0x0000000086000000| PB 0x0000000086000000| Untracked 
|  55|0x0000000086100000, 0x0000000086100000, 0x0000000086200000|  0%| F|  |TAMS 0x0000000086100000| PB 0x0000000086100000| Untracked 
|  56|0x0000000086200000, 0x0000000086200000, 0x0000000086300000|  0%| F|  |TAMS 0x0000000086200000| PB 0x0000000086200000| Untracked 
|  57|0x0000000086300000, 0x0000000086300000, 0x0000000086400000|  0%| F|  |TAMS 0x0000000086300000| PB 0x0000000086300000| Untracked 
|  58|0x0000000086400000, 0x0000000086400000, 0x0000000086500000|  0%| F|  |TAMS 0x0000000086400000| PB 0x0000000086400000| Untracked 
|  59|0x0000000086500000, 0x0000000086500000, 0x0000000086600000|  0%| F|  |TAMS 0x0000000086500000| PB 0x0000000086500000| Untracked 
|  60|0x0000000086600000, 0x0000000086600000, 0x0000000086700000|  0%| F|  |TAMS 0x0000000086600000| PB 0x0000000086600000| Untracked 
|  61|0x0000000086700000, 0x0000000086700000, 0x0000000086800000|  0%| F|  |TAMS 0x0000000086700000| PB 0x0000000086700000| Untracked 
|  62|0x0000000086800000, 0x0000000086800000, 0x0000000086900000|  0%| F|  |TAMS 0x0000000086800000| PB 0x0000000086800000| Untracked 
|  63|0x0000000086900000, 0x0000000086900000, 0x0000000086a00000|  0%| F|  |TAMS 0x0000000086900000| PB 0x0000000086900000| Untracked 
|  64|0x0000000086a00000, 0x0000000086a00000, 0x0000000086b00000|  0%| F|  |TAMS 0x0000000086a00000| PB 0x0000000086a00000| Untracked 
|  65|0x0000000086b00000, 0x0000000086b00000, 0x0000000086c00000|  0%| F|  |TAMS 0x0000000086b00000| PB 0x0000000086b00000| Untracked 
|  66|0x0000000086c00000, 0x0000000086c00000, 0x0000000086d00000|  0%| F|  |TAMS 0x0000000086c00000| PB 0x0000000086c00000| Untracked 
|  67|0x0000000086d00000, 0x0000000086d00000, 0x0000000086e00000|  0%| F|  |TAMS 0x0000000086d00000| PB 0x0000000086d00000| Untracked 
|  68|0x0000000086e00000, 0x0000000086e00000, 0x0000000086f00000|  0%| F|  |TAMS 0x0000000086e00000| PB 0x0000000086e00000| Untracked 
|  69|0x0000000086f00000, 0x0000000086f00000, 0x0000000087000000|  0%| F|  |TAMS 0x0000000086f00000| PB 0x0000000086f00000| Untracked 
|  70|0x0000000087000000, 0x0000000087000000, 0x0000000087100000|  0%| F|  |TAMS 0x0000000087000000| PB 0x0000000087000000| Untracked 
|  71|0x0000000087100000, 0x0000000087100000, 0x0000000087200000|  0%| F|  |TAMS 0x0000000087100000| PB 0x0000000087100000| Untracked 
|  72|0x0000000087200000, 0x0000000087200000, 0x0000000087300000|  0%| F|  |TAMS 0x0000000087200000| PB 0x0000000087200000| Untracked 
|  73|0x0000000087300000, 0x0000000087300000, 0x0000000087400000|  0%| F|  |TAMS 0x0000000087300000| PB 0x0000000087300000| Untracked 
|  74|0x0000000087400000, 0x0000000087400000, 0x0000000087500000|  0%| F|  |TAMS 0x0000000087400000| PB 0x0000000087400000| Untracked 
|  75|0x0000000087500000, 0x0000000087500000, 0x0000000087600000|  0%| F|  |TAMS 0x0000000087500000| PB 0x0000000087500000| Untracked 
|  76|0x0000000087600000, 0x0000000087600000, 0x0000000087700000|  0%| F|  |TAMS 0x0000000087600000| PB 0x0000000087600000| Untracked 
|  77|0x0000000087700000, 0x0000000087700000, 0x0000000087800000|  0%| F|  |TAMS 0x0000000087700000| PB 0x0000000087700000| Untracked 
|  78|0x0000000087800000, 0x0000000087800000, 0x0000000087900000|  0%| F|  |TAMS 0x0000000087800000| PB 0x0000000087800000| Untracked 
|  79|0x0000000087900000, 0x0000000087900000, 0x0000000087a00000|  0%| F|  |TAMS 0x0000000087900000| PB 0x0000000087900000| Untracked 
|  80|0x0000000087a00000, 0x0000000087a00000, 0x0000000087b00000|  0%| F|  |TAMS 0x0000000087a00000| PB 0x0000000087a00000| Untracked 
|  81|0x0000000087b00000, 0x0000000087b00000, 0x0000000087c00000|  0%| F|  |TAMS 0x0000000087b00000| PB 0x0000000087b00000| Untracked 
|  82|0x0000000087c00000, 0x0000000087c00000, 0x0000000087d00000|  0%| F|  |TAMS 0x0000000087c00000| PB 0x0000000087c00000| Untracked 
|  83|0x0000000087d00000, 0x0000000087d00000, 0x0000000087e00000|  0%| F|  |TAMS 0x0000000087d00000| PB 0x0000000087d00000| Untracked 
|  84|0x0000000087e00000, 0x0000000087e00000, 0x0000000087f00000|  0%| F|  |TAMS 0x0000000087e00000| PB 0x0000000087e00000| Untracked 
|  85|0x0000000087f00000, 0x0000000087f00000, 0x0000000088000000|  0%| F|  |TAMS 0x0000000087f00000| PB 0x0000000087f00000| Untracked 
|  86|0x0000000088000000, 0x0000000088000000, 0x0000000088100000|  0%| F|  |TAMS 0x0000000088000000| PB 0x0000000088000000| Untracked 
|  87|0x0000000088100000, 0x0000000088100000, 0x0000000088200000|  0%| F|  |TAMS 0x0000000088100000| PB 0x0000000088100000| Untracked 
|  88|0x0000000088200000, 0x0000000088200000, 0x0000000088300000|  0%| F|  |TAMS 0x0000000088200000| PB 0x0000000088200000| Untracked 
|  89|0x0000000088300000, 0x0000000088300000, 0x0000000088400000|  0%| F|  |TAMS 0x0000000088300000| PB 0x0000000088300000| Untracked 
|  90|0x0000000088400000, 0x0000000088400000, 0x0000000088500000|  0%| F|  |TAMS 0x0000000088400000| PB 0x0000000088400000| Untracked 
|  91|0x0000000088500000, 0x0000000088500000, 0x0000000088600000|  0%| F|  |TAMS 0x0000000088500000| PB 0x0000000088500000| Untracked 
|  92|0x0000000088600000, 0x0000000088600000, 0x0000000088700000|  0%| F|  |TAMS 0x0000000088600000| PB 0x0000000088600000| Untracked 
|  93|0x0000000088700000, 0x0000000088700000, 0x0000000088800000|  0%| F|  |TAMS 0x0000000088700000| PB 0x0000000088700000| Untracked 
|  94|0x0000000088800000, 0x0000000088800000, 0x0000000088900000|  0%| F|  |TAMS 0x0000000088800000| PB 0x0000000088800000| Untracked 
|  95|0x0000000088900000, 0x0000000088900000, 0x0000000088a00000|  0%| F|  |TAMS 0x0000000088900000| PB 0x0000000088900000| Untracked 
|  96|0x0000000088a00000, 0x0000000088a00000, 0x0000000088b00000|  0%| F|  |TAMS 0x0000000088a00000| PB 0x0000000088a00000| Untracked 
|  97|0x0000000088b00000, 0x0000000088b00000, 0x0000000088c00000|  0%| F|  |TAMS 0x0000000088b00000| PB 0x0000000088b00000| Untracked 
|  98|0x0000000088c00000, 0x0000000088c00000, 0x0000000088d00000|  0%| F|  |TAMS 0x0000000088c00000| PB 0x0000000088c00000| Untracked 
|  99|0x0000000088d00000, 0x0000000088d00000, 0x0000000088e00000|  0%| F|  |TAMS 0x0000000088d00000| PB 0x0000000088d00000| Untracked 
| 100|0x0000000088e00000, 0x0000000088e00000, 0x0000000088f00000|  0%| F|  |TAMS 0x0000000088e00000| PB 0x0000000088e00000| Untracked 
| 101|0x0000000088f00000, 0x0000000088f00000, 0x0000000089000000|  0%| F|  |TAMS 0x0000000088f00000| PB 0x0000000088f00000| Untracked 
| 102|0x0000000089000000, 0x0000000089000000, 0x0000000089100000|  0%| F|  |TAMS 0x0000000089000000| PB 0x0000000089000000| Untracked 
| 103|0x0000000089100000, 0x0000000089100000, 0x0000000089200000|  0%| F|  |TAMS 0x0000000089100000| PB 0x0000000089100000| Untracked 
| 104|0x0000000089200000, 0x0000000089280000, 0x0000000089300000| 50%| E|  |TAMS 0x0000000089200000| PB 0x0000000089200000| Complete 
| 105|0x0000000089300000, 0x0000000089400000, 0x0000000089400000|100%| E|CS|TAMS 0x0000000089300000| PB 0x0000000089300000| Complete 
| 106|0x0000000089400000, 0x0000000089500000, 0x0000000089500000|100%| E|CS|TAMS 0x0000000089400000| PB 0x0000000089400000| Complete 
| 107|0x0000000089500000, 0x0000000089600000, 0x0000000089600000|100%| E|CS|TAMS 0x0000000089500000| PB 0x0000000089500000| Complete 
| 108|0x0000000089600000, 0x0000000089700000, 0x0000000089700000|100%| E|CS|TAMS 0x0000000089600000| PB 0x0000000089600000| Complete 
| 109|0x0000000089700000, 0x0000000089800000, 0x0000000089800000|100%| E|CS|TAMS 0x0000000089700000| PB 0x0000000089700000| Complete 
| 110|0x0000000089800000, 0x0000000089900000, 0x0000000089900000|100%| E|CS|TAMS 0x0000000089800000| PB 0x0000000089800000| Complete 
| 111|0x0000000089900000, 0x0000000089a00000, 0x0000000089a00000|100%| E|CS|TAMS 0x0000000089900000| PB 0x0000000089900000| Complete 
| 112|0x0000000089a00000, 0x0000000089b00000, 0x0000000089b00000|100%| E|CS|TAMS 0x0000000089a00000| PB 0x0000000089a00000| Complete 
| 113|0x0000000089b00000, 0x0000000089c00000, 0x0000000089c00000|100%| E|CS|TAMS 0x0000000089b00000| PB 0x0000000089b00000| Complete 
| 114|0x0000000089c00000, 0x0000000089d00000, 0x0000000089d00000|100%| E|CS|TAMS 0x0000000089c00000| PB 0x0000000089c00000| Complete 
| 115|0x0000000089d00000, 0x0000000089e00000, 0x0000000089e00000|100%| E|CS|TAMS 0x0000000089d00000| PB 0x0000000089d00000| Complete 
| 116|0x0000000089e00000, 0x0000000089f00000, 0x0000000089f00000|100%| E|CS|TAMS 0x0000000089e00000| PB 0x0000000089e00000| Complete 
| 117|0x0000000089f00000, 0x000000008a000000, 0x000000008a000000|100%| E|CS|TAMS 0x0000000089f00000| PB 0x0000000089f00000| Complete 
| 118|0x000000008a000000, 0x000000008a100000, 0x000000008a100000|100%| E|CS|TAMS 0x000000008a000000| PB 0x000000008a000000| Complete 
| 119|0x000000008a100000, 0x000000008a200000, 0x000000008a200000|100%| E|CS|TAMS 0x000000008a100000| PB 0x000000008a100000| Complete 
| 120|0x000000008a200000, 0x000000008a300000, 0x000000008a300000|100%| E|CS|TAMS 0x000000008a200000| PB 0x000000008a200000| Complete 
| 121|0x000000008a300000, 0x000000008a400000, 0x000000008a400000|100%| E|CS|TAMS 0x000000008a300000| PB 0x000000008a300000| Complete 
| 122|0x000000008a400000, 0x000000008a500000, 0x000000008a500000|100%| E|CS|TAMS 0x000000008a400000| PB 0x000000008a400000| Complete 
| 123|0x000000008a500000, 0x000000008a600000, 0x000000008a600000|100%| E|CS|TAMS 0x000000008a500000| PB 0x000000008a500000| Complete 
| 124|0x000000008a600000, 0x000000008a700000, 0x000000008a700000|100%| E|CS|TAMS 0x000000008a600000| PB 0x000000008a600000| Complete 
| 125|0x000000008a700000, 0x000000008a800000, 0x000000008a800000|100%| E|CS|TAMS 0x000000008a700000| PB 0x000000008a700000| Complete 

Card table byte_map: [0x000002722ac70000,0x000002722b060000] _byte_map_base: 0x000002722a85b000

Marking Bits: (CMBitMap*) 0x000002721310c650
 Bits: [0x000002722b060000, 0x000002722cfb8000)

Polling page: 0x0000027210fe0000

Metaspace:

Usage:
  Non-class:     14.03 MB used.
      Class:      1.81 MB used.
       Both:     15.84 MB used.

Virtual space:
  Non-class space:       64.00 MB reserved,      14.19 MB ( 22%) committed,  1 nodes.
      Class space:        1.00 GB reserved,       1.94 MB ( <1%) committed,  1 nodes.
             Both:        1.06 GB reserved,      16.12 MB (  1%) committed. 

Chunk freelists:
   Non-Class:  1.56 MB
       Class:  13.93 MB
        Both:  15.50 MB

MaxMetaspaceSize: unlimited
CompressedClassSpaceSize: 1.00 GB
Initial GC threshold: 21.00 MB
Current GC threshold: 21.00 MB
CDS: on
 - commit_granule_bytes: 65536.
 - commit_granule_words: 8192.
 - virtual_space_node_default_size: 8388608.
 - enlarge_chunks_in_place: 1.
 - use_allocation_guard: 0.


Internal statistics:

num_allocs_failed_limit: 0.
num_arena_births: 178.
num_arena_deaths: 0.
num_vsnodes_births: 2.
num_vsnodes_deaths: 0.
num_space_committed: 258.
num_space_uncommitted: 0.
num_chunks_returned_to_freelist: 0.
num_chunks_taken_from_freelist: 699.
num_chunk_merges: 0.
num_chunk_splits: 503.
num_chunks_enlarged: 416.
num_inconsistent_stats: 0.

CodeHeap 'non-profiled nmethods': size=120000Kb used=2167Kb max_used=2167Kb free=117832Kb
 bounds [0x0000027223020000, 0x0000027223290000, 0x000002722a550000]
CodeHeap 'profiled nmethods': size=120000Kb used=8837Kb max_used=8837Kb free=111162Kb
 bounds [0x000002721b550000, 0x000002721be00000, 0x0000027222a80000]
CodeHeap 'non-nmethods': size=5760Kb used=1398Kb max_used=1460Kb free=4361Kb
 bounds [0x0000027222a80000, 0x0000027222cf0000, 0x0000027223020000]
 total_blobs=4806 nmethods=4314 adapters=396
 compilation: enabled
              stopped_count=0, restarted_count=0
 full_count=0

Compilation events (20 events):
Event: 2.423 Thread 0x000002722fa23400 nmethod 4253 0x000002721bda9f90 code [0x000002721bdaa140, 0x000002721bdaa300]
Event: 2.426 Thread 0x000002722fa23400 4254       3       org.apache.maven.model.building.DefaultModelBuilder::configureResolver (9 bytes)
Event: 2.426 Thread 0x000002722fa23400 nmethod 4254 0x000002721bdaa410 code [0x000002721bdaa5c0, 0x000002721bdaa700]
Event: 2.426 Thread 0x000002722fa23400 4255       3       org.apache.maven.model.building.DefaultModelBuilder::readParent (284 bytes)
Event: 2.428 Thread 0x000002722fa23400 nmethod 4255 0x000002721bdaa810 code [0x000002721bdaacc0, 0x000002721bdacc88]
Event: 2.428 Thread 0x000002722fa23400 4256       3       org.apache.maven.model.inheritance.DefaultInheritanceAssembler::assembleModelInheritance (67 bytes)
Event: 2.428 Thread 0x000002722fa23400 nmethod 4256 0x000002721bdad810 code [0x000002721bdada60, 0x000002721bdae4d0]
Event: 2.429 Thread 0x000002722fa23400 4257       3       org.apache.maven.model.merge.ModelMerger::mergeBuild_SourceDirectory (43 bytes)
Event: 2.429 Thread 0x000002722fa23400 nmethod 4257 0x000002721bdae890 code [0x000002721bdaea60, 0x000002721bdaee80]
Event: 2.430 Thread 0x000002722fa170b0 nmethod 4248 0x000002722322f810 code [0x000002722322f9e0, 0x00000272232301e0]
Event: 2.430 Thread 0x000002722fa170b0 4247       4       org.apache.maven.model.merge.MavenModelMerger::getPluginKey (5 bytes)
Event: 2.431 Thread 0x000002722fa23400 4258       3       java.util.regex.Pattern$BnM::match (161 bytes)
Event: 2.432 Thread 0x000002722fa23400 nmethod 4258 0x000002721bdaf010 code [0x000002721bdaf220, 0x000002721bdaf970]
Event: 2.433 Thread 0x000002722fa170b0 nmethod 4247 0x0000027223230610 code [0x00000272232307c0, 0x0000027223230cd0]
Event: 2.434 Thread 0x000002722fa170b0 4259   !   4       com.google.inject.internal.InternalFactoryToProviderAdapter::get (54 bytes)
Event: 2.435 Thread 0x000002722fa23400 4260       1       org.eclipse.aether.repository.RemoteRepository::getUrl (5 bytes)
Event: 2.435 Thread 0x000002722fa23400 nmethod 4260 0x0000027223230e10 code [0x0000027223230fa0, 0x0000027223231068]
Event: 2.437 Thread 0x000002722fa170b0 nmethod 4259 0x0000027223231110 code [0x00000272232312e0, 0x00000272232315e8]
Event: 2.437 Thread 0x000002722fa23400 4262       1       org.eclipse.aether.internal.impl.collect.PremanagedDependency::getManagedDependency (5 bytes)
Event: 2.437 Thread 0x000002722fa23400 nmethod 4262 0x0000027223231810 code [0x00000272232319a0, 0x0000027223231a68]

GC Heap History (6 events):
Event: 0.486 GC heap before
{Heap before GC invocations=0 (full 0):
 garbage-first heap   total 129024K, used 23552K [0x0000000082a00000, 0x0000000100000000)
  region size 1024K, 23 young (23552K), 0 survivors (0K)
 Metaspace       used 5630K, committed 5888K, reserved 1114112K
  class space    used 654K, committed 768K, reserved 1048576K
}
Event: 0.491 GC heap after
{Heap after GC invocations=1 (full 0):
 garbage-first heap   total 129024K, used 3739K [0x0000000082a00000, 0x0000000100000000)
  region size 1024K, 3 young (3072K), 3 survivors (3072K)
 Metaspace       used 5630K, committed 5888K, reserved 1114112K
  class space    used 654K, committed 768K, reserved 1048576K
}
Event: 1.035 GC heap before
{Heap before GC invocations=1 (full 0):
 garbage-first heap   total 129024K, used 35483K [0x0000000082a00000, 0x0000000100000000)
  region size 1024K, 34 young (34816K), 3 survivors (3072K)
 Metaspace       used 10004K, committed 10240K, reserved 1114112K
  class space    used 1184K, committed 1280K, reserved 1048576K
}
Event: 1.041 GC heap after
{Heap after GC invocations=2 (full 0):
 garbage-first heap   total 129024K, used 5882K [0x0000000082a00000, 0x0000000100000000)
  region size 1024K, 2 young (2048K), 2 survivors (2048K)
 Metaspace       used 10004K, committed 10240K, reserved 1114112K
  class space    used 1184K, committed 1280K, reserved 1048576K
}
Event: 2.256 GC heap before
{Heap before GC invocations=2 (full 0):
 garbage-first heap   total 129024K, used 80634K [0x0000000082a00000, 0x0000000100000000)
  region size 1024K, 75 young (76800K), 2 survivors (2048K)
 Metaspace       used 15948K, committed 16256K, reserved 1114112K
  class space    used 1845K, committed 1984K, reserved 1048576K
}
Event: 2.267 GC heap after
{Heap after GC invocations=3 (full 0):
 garbage-first heap   total 129024K, used 13814K [0x0000000082a00000, 0x0000000100000000)
  region size 1024K, 10 young (10240K), 10 survivors (10240K)
 Metaspace       used 15948K, committed 16256K, reserved 1114112K
  class space    used 1845K, committed 1984K, reserved 1048576K
}

Dll operation events (8 events):
Event: 0.006 Loaded shared library C:\Users\Public\jdk-21.0.7\bin\java.dll
Event: 0.031 Loaded shared library C:\Users\Public\jdk-21.0.7\bin\jsvml.dll
Event: 0.044 Loaded shared library C:\Users\Public\jdk-21.0.7\bin\net.dll
Event: 0.045 Loaded shared library C:\Users\Public\jdk-21.0.7\bin\nio.dll
Event: 0.048 Loaded shared library C:\Users\Public\jdk-21.0.7\bin\zip.dll
Event: 0.137 Loaded shared library C:\Users\Public\jdk-21.0.7\bin\jimage.dll
Event: 0.140 Loaded shared library C:\Users\PC\Downloads\apache-maven-3.9.11\lib\jansi-native\Windows\x86_64\jansi.dll
Event: 0.151 Loaded shared library C:\Users\Public\jdk-21.0.7\bin\verify.dll

Deoptimization events (20 events):
Event: 2.330 Thread 0x0000027210d70e00 DEOPT PACKING pc=0x00000272232201d8 sp=0x000000daf0ffcd40
Event: 2.330 Thread 0x0000027210d70e00 DEOPT UNPACKING pc=0x0000027222ad46a2 sp=0x000000daf0ffcd20 mode 2
Event: 2.330 Thread 0x0000027210d70e00 Uncommon trap: trap_request=0xffffffbe fr.pc=0x00000272232201d8 relative=0x00000000000011f8
Event: 2.330 Thread 0x0000027210d70e00 Uncommon trap: reason=profile_predicate action=maybe_recompile pc=0x00000272232201d8 method=java.util.concurrent.ConcurrentHashMap.putAll(Ljava/util/Map;)V @ 28 c2
Event: 2.330 Thread 0x0000027210d70e00 DEOPT PACKING pc=0x00000272232201d8 sp=0x000000daf0ffcd40
Event: 2.330 Thread 0x0000027210d70e00 DEOPT UNPACKING pc=0x0000027222ad46a2 sp=0x000000daf0ffcd20 mode 2
Event: 2.330 Thread 0x0000027210d70e00 Uncommon trap: trap_request=0xffffffbe fr.pc=0x00000272232201d8 relative=0x00000000000011f8
Event: 2.330 Thread 0x0000027210d70e00 Uncommon trap: reason=profile_predicate action=maybe_recompile pc=0x00000272232201d8 method=java.util.concurrent.ConcurrentHashMap.putAll(Ljava/util/Map;)V @ 28 c2
Event: 2.330 Thread 0x0000027210d70e00 DEOPT PACKING pc=0x00000272232201d8 sp=0x000000daf0ffcd40
Event: 2.330 Thread 0x0000027210d70e00 DEOPT UNPACKING pc=0x0000027222ad46a2 sp=0x000000daf0ffcd20 mode 2
Event: 2.410 Thread 0x0000027210d70e00 Uncommon trap: trap_request=0xffffff45 fr.pc=0x0000027223201548 relative=0x00000000000003c8
Event: 2.410 Thread 0x0000027210d70e00 Uncommon trap: reason=unstable_if action=reinterpret pc=0x0000027223201548 method=org.apache.maven.model.ConfigurationContainer.getLocation(Ljava/lang/Object;)Lorg/apache/maven/model/InputLocation; @ 18 c2
Event: 2.410 Thread 0x0000027210d70e00 DEOPT PACKING pc=0x0000027223201548 sp=0x000000daf0ffc7b0
Event: 2.410 Thread 0x0000027210d70e00 DEOPT UNPACKING pc=0x0000027222ad46a2 sp=0x000000daf0ffc740 mode 2
Event: 2.420 Thread 0x0000027210d70e00 Uncommon trap: trap_request=0xffffffde fr.pc=0x0000027223067258 relative=0x0000000000000ed8
Event: 2.420 Thread 0x0000027210d70e00 Uncommon trap: reason=class_check action=maybe_recompile pc=0x0000027223067258 method=java.util.concurrent.ConcurrentHashMap.putVal(Ljava/lang/Object;Ljava/lang/Object;Z)Ljava/lang/Object; @ 242 c2
Event: 2.420 Thread 0x0000027210d70e00 DEOPT PACKING pc=0x0000027223067258 sp=0x000000daf0ffd790
Event: 2.420 Thread 0x0000027210d70e00 DEOPT UNPACKING pc=0x0000027222ad46a2 sp=0x000000daf0ffd700 mode 2
Event: 2.436 Thread 0x0000027210d70e00 DEOPT PACKING pc=0x000002721b5fef23 sp=0x000000daf0ffcc20
Event: 2.436 Thread 0x0000027210d70e00 DEOPT UNPACKING pc=0x0000027222ad4e42 sp=0x000000daf0ffc100 mode 0

Classes loaded (20 events):
Event: 1.554 Loading class java/util/spi/ResourceBundleProvider
Event: 1.554 Loading class java/util/spi/ResourceBundleProvider done
Event: 1.554 Loading class sun/util/resources/LocaleData$LocaleDataResourceBundleProvider done
Event: 1.554 Loading class sun/util/resources/LocaleData$CommonResourceBundleProvider done
Event: 1.555 Loading class sun/util/resources/Bundles$2
Event: 1.555 Loading class sun/util/resources/Bundles$2 done
Event: 1.588 Loading class java/util/StringTokenizer
Event: 1.588 Loading class java/util/StringTokenizer done
Event: 1.622 Loading class java/util/stream/Streams$RangeIntSpliterator
Event: 1.622 Loading class java/util/stream/Streams$RangeIntSpliterator done
Event: 1.913 Loading class java/util/stream/MatchOps$MatchKind
Event: 1.913 Loading class java/util/stream/MatchOps$MatchKind done
Event: 1.913 Loading class java/util/stream/MatchOps
Event: 1.913 Loading class java/util/stream/MatchOps done
Event: 1.913 Loading class java/util/stream/MatchOps$MatchOp
Event: 1.913 Loading class java/util/stream/MatchOps$MatchOp done
Event: 1.913 Loading class java/util/stream/MatchOps$BooleanTerminalSink
Event: 1.913 Loading class java/util/stream/MatchOps$BooleanTerminalSink done
Event: 1.913 Loading class java/util/stream/MatchOps$1MatchSink
Event: 1.914 Loading class java/util/stream/MatchOps$1MatchSink done

Classes unloaded (0 events):
No events

Classes redefined (0 events):
No events

Internal exceptions (20 events):
Event: 1.102 Thread 0x0000027210d70e00 Exception <a 'java/lang/NoSuchMethodError'{0x000000008a4fbcb8}: 'java.lang.Object java.lang.invoke.DirectMethodHandle$Holder.invokeSpecial(java.lang.Object, java.lang.Object, java.lang.Object, int, java.lang.Object)'> (0x000000008a4fbcb8) 
thrown [s\open\src\hotspot\share\interpreter\linkResolver.cpp, line 773]
Event: 1.102 Thread 0x0000027210d70e00 Exception <a 'java/lang/NoSuchMethodError'{0x000000008a304038}: 'int java.lang.invoke.DirectMethodHandle$Holder.invokeSpecial(java.lang.Object, java.lang.Object, java.lang.Object, int)'> (0x000000008a304038) 
thrown [s\open\src\hotspot\share\interpreter\linkResolver.cpp, line 773]
Event: 1.106 Thread 0x0000027210d70e00 Implicit null exception at 0x00000272230dc3e0 to 0x00000272230dc5f4
Event: 1.107 Thread 0x0000027210d70e00 Exception <a 'java/lang/NoSuchMethodError'{0x000000008a328738}: 'java.lang.Object java.lang.invoke.Invokers$Holder.invokeExact_MT(java.lang.Object, int, java.lang.Object)'> (0x000000008a328738) 
thrown [s\open\src\hotspot\share\interpreter\linkResolver.cpp, line 773]
Event: 1.276 Thread 0x0000027210d70e00 Exception <a 'java/lang/NoSuchMethodError'{0x0000000089b0e7f8}: 'void java.lang.invoke.Invokers$Holder.invokeExact_MT(java.lang.Object, java.lang.Object, java.lang.Object, java.lang.Object)'> (0x0000000089b0e7f8) 
thrown [s\open\src\hotspot\share\interpreter\linkResolver.cpp, line 773]
Event: 1.291 Thread 0x0000027210d70e00 Exception <a 'java/lang/NoClassDefFoundError'{0x0000000089b9ccb8}: com/google/inject/servlet/ServletModuleTargetVisitor> (0x0000000089b9ccb8) 
thrown [s\open\src\hotspot\share\classfile\systemDictionary.cpp, line 301]
Event: 1.347 Thread 0x0000027210d70e00 Exception <a 'java/lang/NoSuchMethodError'{0x0000000089960190}: 'void java.lang.invoke.DirectMethodHandle$Holder.invokeVirtual(java.lang.Object, java.lang.Object)'> (0x0000000089960190) 
thrown [s\open\src\hotspot\share\interpreter\linkResolver.cpp, line 773]
Event: 1.378 Thread 0x0000027210d70e00 Exception <a 'java/lang/NoSuchMethodError'{0x00000000899df8f8}: 'java.lang.Object java.lang.invoke.DirectMethodHandle$Holder.invokeStaticInit(java.lang.Object, int, int, int, int)'> (0x00000000899df8f8) 
thrown [s\open\src\hotspot\share\interpreter\linkResolver.cpp, line 773]
Event: 1.487 Thread 0x0000027210d70e00 Implicit null exception at 0x000002722304e024 to 0x000002722304e6bc
Event: 1.487 Thread 0x0000027210d70e00 Implicit null exception at 0x0000027223050120 to 0x00000272230507bc
Event: 1.521 Thread 0x0000027210d70e00 Exception <a 'java/lang/NoSuchMethodError'{0x00000000893608b0}: 'void java.lang.invoke.DirectMethodHandle$Holder.invokeSpecial(java.lang.Object, java.lang.Object, java.lang.Object, java.lang.Object, java.lang.Object)'> (0x00000000893608b0) 
thrown [s\open\src\hotspot\share\interpreter\linkResolver.cpp, line 773]
Event: 1.523 Thread 0x0000027210d70e00 Exception <a 'java/lang/NoSuchMethodError'{0x0000000089376800}: 'void java.lang.invoke.DirectMethodHandle$Holder.invokeSpecial(java.lang.Object, java.lang.Object, java.lang.Object, java.lang.Object, java.lang.Object, java.lang.Object)'> (0x0000000089376800) 
thrown [s\open\src\hotspot\share\interpreter\linkResolver.cpp, line 773]
Event: 1.536 Thread 0x0000027210d70e00 Exception <a 'java/lang/NoSuchMethodError'{0x0000000089266b68}: 'java.lang.Object java.lang.invoke.DirectMethodHandle$Holder.invokeVirtual(java.lang.Object, java.lang.Object, java.lang.Object)'> (0x0000000089266b68) 
thrown [s\open\src\hotspot\share\interpreter\linkResolver.cpp, line 773]
Event: 1.597 Thread 0x0000027210d70e00 Exception <a 'java/lang/NoSuchMethodError'{0x0000000089040a20}: 'void java.lang.invoke.DirectMethodHandle$Holder.invokeVirtual(java.lang.Object, java.lang.Object, int)'> (0x0000000089040a20) 
thrown [s\open\src\hotspot\share\interpreter\linkResolver.cpp, line 773]
Event: 1.598 Thread 0x0000027210d70e00 Exception <a 'java/lang/NoSuchMethodError'{0x00000000890447d0}: 'void java.lang.invoke.DirectMethodHandle$Holder.invokeSpecial(java.lang.Object, java.lang.Object, java.lang.Object, int)'> (0x00000000890447d0) 
thrown [s\open\src\hotspot\share\interpreter\linkResolver.cpp, line 773]
Event: 1.598 Thread 0x0000027210d70e00 Exception <a 'java/lang/NoSuchMethodError'{0x0000000089047ea0}: 'void java.lang.invoke.DelegatingMethodHandle$Holder.reinvoke_L(java.lang.Object, java.lang.Object, int)'> (0x0000000089047ea0) 
thrown [s\open\src\hotspot\share\interpreter\linkResolver.cpp, line 773]
Event: 1.998 Thread 0x0000027210d70e00 Implicit null exception at 0x0000027223183bcf to 0x0000027223183eb4
Event: 1.998 Thread 0x0000027210d70e00 Implicit null exception at 0x0000027223165cb5 to 0x0000027223167058
Event: 1.999 Thread 0x0000027210d70e00 Implicit null exception at 0x00000272230f9420 to 0x00000272230f961c
Event: 1.999 Thread 0x0000027210d70e00 Implicit null exception at 0x000002722315f98d to 0x0000027223160250

ZGC Phase Switch (0 events):
No events

VM Operations (20 events):
Event: 1.278 Executing VM operation: ICBufferFull
Event: 1.278 Executing VM operation: ICBufferFull done
Event: 1.356 Executing VM operation: HandshakeAllThreads (Deoptimize)
Event: 1.356 Executing VM operation: HandshakeAllThreads (Deoptimize) done
Event: 1.392 Executing VM operation: HandshakeAllThreads (Deoptimize)
Event: 1.392 Executing VM operation: HandshakeAllThreads (Deoptimize) done
Event: 1.422 Executing VM operation: HandshakeAllThreads (Deoptimize)
Event: 1.422 Executing VM operation: HandshakeAllThreads (Deoptimize) done
Event: 1.458 Executing VM operation: HandshakeAllThreads (Deoptimize)
Event: 1.459 Executing VM operation: HandshakeAllThreads (Deoptimize) done
Event: 1.555 Executing VM operation: ICBufferFull
Event: 1.555 Executing VM operation: ICBufferFull done
Event: 1.753 Executing VM operation: ICBufferFull
Event: 1.753 Executing VM operation: ICBufferFull done
Event: 2.026 Executing VM operation: ICBufferFull
Event: 2.026 Executing VM operation: ICBufferFull done
Event: 2.215 Executing VM operation: ICBufferFull
Event: 2.215 Executing VM operation: ICBufferFull done
Event: 2.256 Executing VM operation: G1CollectForAllocation (G1 Evacuation Pause)
Event: 2.267 Executing VM operation: G1CollectForAllocation (G1 Evacuation Pause) done

Events (16 events):
Event: 0.019 Thread 0x0000027210d70e00 Thread added: 0x0000027210d70e00
Event: 0.029 Thread 0x000002722fa015e0 Thread added: 0x000002722fa015e0
Event: 0.029 Thread 0x000002722fa02230 Thread added: 0x000002722fa02230
Event: 0.029 Thread 0x000002722fa070c0 Thread added: 0x000002722fa070c0
Event: 0.029 Thread 0x000002722fa0ad90 Thread added: 0x000002722fa0ad90
Event: 0.029 Thread 0x000002722fa0c350 Thread added: 0x000002722fa0c350
Event: 0.030 Thread 0x000002722fa0dca0 Thread added: 0x000002722fa0dca0
Event: 0.030 Thread 0x000002722fa170b0 Thread added: 0x000002722fa170b0
Event: 0.030 Thread 0x000002722fa23400 Thread added: 0x000002722fa23400
Event: 0.040 Thread 0x000002722fd34060 Thread added: 0x000002722fd34060
Event: 0.042 Thread 0x000002722fd33340 Thread added: 0x000002722fd33340
Event: 0.136 Thread 0x000002722fd346f0 Thread added: 0x000002722fd346f0
Event: 0.145 Thread 0x000002722fd346f0 Thread exited: 0x000002722fd346f0
Event: 0.288 Thread 0x000002727566f3a0 Thread added: 0x000002727566f3a0
Event: 0.464 Thread 0x00000272757de4c0 Thread added: 0x00000272757de4c0
Event: 1.434 Thread 0x000002722fd34d80 Thread added: 0x000002722fd34d80


Dynamic libraries:
0x00007ff74f150000 - 0x00007ff74f160000 	C:\Users\Public\jdk-21.0.7\bin\java.exe
0x00007ff965800000 - 0x00007ff965a67000 	C:\WINDOWS\SYSTEM32\ntdll.dll
0x00007ff964990000 - 0x00007ff964a59000 	C:\WINDOWS\System32\KERNEL32.DLL
0x00007ff962a80000 - 0x00007ff962e70000 	C:\WINDOWS\System32\KERNELBASE.dll
0x00007ff963170000 - 0x00007ff9632bb000 	C:\WINDOWS\System32\ucrtbase.dll
0x00007ff958000000 - 0x00007ff958019000 	C:\Users\Public\jdk-21.0.7\bin\jli.dll
0x00007ff952970000 - 0x00007ff95298b000 	C:\Users\Public\jdk-21.0.7\bin\VCRUNTIME140.dll
0x00007ff965320000 - 0x00007ff9653d4000 	C:\WINDOWS\System32\ADVAPI32.dll
0x00007ff965100000 - 0x00007ff9651a9000 	C:\WINDOWS\System32\msvcrt.dll
0x00007ff9648e0000 - 0x00007ff964986000 	C:\WINDOWS\System32\sechost.dll
0x00007ff964540000 - 0x00007ff964658000 	C:\WINDOWS\System32\RPCRT4.dll
0x00007ff964ba0000 - 0x00007ff964d65000 	C:\WINDOWS\System32\USER32.dll
0x00007ff962e80000 - 0x00007ff962ea7000 	C:\WINDOWS\System32\win32u.dll
0x00007ff9377b0000 - 0x00007ff937a4a000 	C:\WINDOWS\WinSxS\amd64_microsoft.windows.common-controls_6595b64144ccf1df_6.0.26100.4768_none_3e0c112ce331287c\COMCTL32.dll
0x00007ff964510000 - 0x00007ff96453b000 	C:\WINDOWS\System32\GDI32.dll
0x00007ff962eb0000 - 0x00007ff962fe8000 	C:\WINDOWS\System32\gdi32full.dll
0x00007ff9629d0000 - 0x00007ff962a73000 	C:\WINDOWS\System32\msvcp_win.dll
0x00007ff95c8c0000 - 0x00007ff95c8cb000 	C:\WINDOWS\SYSTEM32\VERSION.dll
0x00007ff963a20000 - 0x00007ff963a4f000 	C:\WINDOWS\System32\IMM32.DLL
0x00007ff95a880000 - 0x00007ff95a88c000 	C:\Users\Public\jdk-21.0.7\bin\vcruntime140_1.dll
0x00007ff93f310000 - 0x00007ff93f39e000 	C:\Users\Public\jdk-21.0.7\bin\msvcp140.dll
0x00007ff8fa1f0000 - 0x00007ff8faf0a000 	C:\Users\Public\jdk-21.0.7\bin\server\jvm.dll
0x00007ff963a70000 - 0x00007ff963ae4000 	C:\WINDOWS\System32\WS2_32.dll
0x00007ff962790000 - 0x00007ff9627ee000 	C:\WINDOWS\SYSTEM32\POWRPROF.dll
0x00007ff9582c0000 - 0x00007ff9582f5000 	C:\WINDOWS\SYSTEM32\WINMM.dll
0x00007ff962770000 - 0x00007ff962784000 	C:\WINDOWS\SYSTEM32\UMPDC.dll
0x00007ff961680000 - 0x00007ff96169b000 	C:\WINDOWS\SYSTEM32\kernel.appcore.dll
0x00007ff95a0b0000 - 0x00007ff95a0ba000 	C:\Users\Public\jdk-21.0.7\bin\jimage.dll
0x00007ff957d30000 - 0x00007ff957f71000 	C:\WINDOWS\SYSTEM32\DBGHELP.DLL
0x00007ff964d70000 - 0x00007ff9650f5000 	C:\WINDOWS\System32\combase.dll
0x00007ff9653e0000 - 0x00007ff9654c0000 	C:\WINDOWS\System32\OLEAUT32.dll
0x00007ff956e00000 - 0x00007ff956e43000 	C:\WINDOWS\SYSTEM32\dbgcore.DLL
0x00007ff962930000 - 0x00007ff9629c9000 	C:\WINDOWS\System32\bcryptPrimitives.dll
0x00007ff9528e0000 - 0x00007ff9528ff000 	C:\Users\Public\jdk-21.0.7\bin\java.dll
0x00007ff963b60000 - 0x00007ff9642ad000 	C:\WINDOWS\System32\SHELL32.dll
0x00007ff962ff0000 - 0x00007ff963163000 	C:\WINDOWS\System32\wintypes.dll
0x00007ff9604f0000 - 0x00007ff960d4f000 	C:\WINDOWS\SYSTEM32\windows.storage.dll
0x00007ff9656c0000 - 0x00007ff9657b5000 	C:\WINDOWS\System32\SHCORE.dll
0x00007ff963af0000 - 0x00007ff963b5a000 	C:\WINDOWS\System32\shlwapi.dll
0x00007ff962850000 - 0x00007ff962879000 	C:\WINDOWS\SYSTEM32\profapi.dll
0x00007ff93e6f0000 - 0x00007ff93e7c7000 	C:\Users\Public\jdk-21.0.7\bin\jsvml.dll
0x00007ff9581f0000 - 0x00007ff958200000 	C:\Users\Public\jdk-21.0.7\bin\net.dll
0x00007ff95d530000 - 0x00007ff95d64e000 	C:\WINDOWS\SYSTEM32\WINHTTP.dll
0x00007ff961c40000 - 0x00007ff961cab000 	C:\WINDOWS\system32\mswsock.dll
0x00007ff952630000 - 0x00007ff952646000 	C:\Users\Public\jdk-21.0.7\bin\nio.dll
0x00007ff9528c0000 - 0x00007ff9528d8000 	C:\Users\Public\jdk-21.0.7\bin\zip.dll
0x00007ff93ce10000 - 0x00007ff93ce34000 	C:\Users\PC\Downloads\apache-maven-3.9.11\lib\jansi-native\Windows\x86_64\jansi.dll
0x00007ff952ac0000 - 0x00007ff952ad0000 	C:\Users\Public\jdk-21.0.7\bin\verify.dll

dbghelp: loaded successfully - version: 4.0.5 - missing functions: none
symbol engine: initialized successfully - sym options: 0x614 - pdb path: .;C:\Users\Public\jdk-21.0.7\bin;C:\WINDOWS\SYSTEM32;C:\WINDOWS\WinSxS\amd64_microsoft.windows.common-controls_6595b64144ccf1df_6.0.26100.4768_none_3e0c112ce331287c;C:\Users\Public\jdk-21.0.7\bin\server;C:\Users\PC\Downloads\apache-maven-3.9.11\lib\jansi-native\Windows\x86_64

VM Arguments:
jvm_args: --enable-native-access=ALL-UNNAMED -Dclassworlds.conf=C:\Users\PC\Downloads\apache-maven-3.9.11\bin\m2.conf -Dmaven.home=C:\Users\PC\Downloads\apache-maven-3.9.11 -Dlibrary.jansi.path=C:\Users\PC\Downloads\apache-maven-3.9.11\lib\jansi-native -Dmaven.multiModuleProjectDirectory=D:\Kevin_Vekariya\Fitness-microservice-main\activityservice 
java_command: org.codehaus.plexus.classworlds.launcher.Launcher compile com.google.cloud.tools:jib-maven-plugin:3.1.1:dockerBuild
java_class_path (initial): C:\Users\PC\Downloads\apache-maven-3.9.11\boot\plexus-classworlds-2.9.0.jar
Launcher Type: SUN_STANDARD

[Global flags]
     intx CICompilerCount                          = 4                                         {product} {ergonomic}
     uint ConcGCThreads                            = 2                                         {product} {ergonomic}
     uint G1ConcRefinementThreads                  = 8                                         {product} {ergonomic}
   size_t G1HeapRegionSize                         = 1048576                                   {product} {ergonomic}
    uintx GCDrainStackTargetSize                   = 64                                        {product} {ergonomic}
   size_t InitialHeapSize                          = 132120576                                 {product} {ergonomic}
   size_t MarkStackSize                            = 4194304                                   {product} {ergonomic}
   size_t MaxHeapSize                              = 2103443456                                {product} {ergonomic}
   size_t MaxNewSize                               = 1261436928                                {product} {ergonomic}
   size_t MinHeapDeltaBytes                        = 1048576                                   {product} {ergonomic}
   size_t MinHeapSize                              = 8388608                                   {product} {ergonomic}
    uintx NonNMethodCodeHeapSize                   = 5839372                                {pd product} {ergonomic}
    uintx NonProfiledCodeHeapSize                  = 122909434                              {pd product} {ergonomic}
    uintx ProfiledCodeHeapSize                     = 122909434                              {pd product} {ergonomic}
    uintx ReservedCodeCacheSize                    = 251658240                              {pd product} {ergonomic}
     bool SegmentedCodeCache                       = true                                      {product} {ergonomic}
   size_t SoftMaxHeapSize                          = 2103443456                             {manageable} {ergonomic}
     bool UseCompressedOops                        = true                           {product lp64_product} {ergonomic}
     bool UseG1GC                                  = true                                      {product} {ergonomic}
     bool UseLargePagesIndividualAllocation        = false                                  {pd product} {ergonomic}

Logging:
Log output configuration:
 #0: stdout all=warning uptime,level,tags foldmultilines=false
 #1: stderr all=off uptime,level,tags foldmultilines=false

Environment Variables:
JAVA_HOME=C:\Users\Public\jdk-21.0.7
PATH=C:\Program Files\Common Files\Oracle\Java\javapath;C:\WINDOWS\system32;C:\WINDOWS;C:\WINDOWS\System32\Wbem;C:\WINDOWS\System32\WindowsPowerShell\v1.0\;C:\WINDOWS\System32\OpenSSH\;C:\Program Files\Microsoft SQL Server\Client SDK\ODBC\170\Tools\Binn\;C:\Program Files\Microsoft SQL Server\150\Tools\Binn\;C:\Program Files\dotnet\;C:\Program Files (x86)\Microsoft SQL Server\160\Tools\Binn\;C:\Program Files\Microsoft SQL Server\160\Tools\Binn\;C:\Program Files\Microsoft SQL Server\160\DTS\Binn\;C:\Program Files (x86)\Microsoft SQL Server\160\DTS\Binn\;C:\Program Files\Git\cmd;C:\Users\PC\kafka\bin;C:\Users\Public\jdk-21.0.7\bin;C:\Program Files\Docker\Docker\resources\bin;C:\Users\PC\Downloads\apache-maven-3.9.11\bin;C:\Users\PC\AppData\Local\Microsoft\WindowsApps;C:\Users\PC\.dotnet\tools;C:\Users\PC\AppData\Local\Programs\Azure Data Studio\bin;;C:\Program Files\JetBrains\IntelliJ IDEA Community Edition 2025.1.1.1\bin;;C:\Users\PC\AppData\Local\Programs\mongosh\
USERNAME=PC
OS=Windows_NT
PROCESSOR_IDENTIFIER=Intel64 Family 6 Model 165 Stepping 3, GenuineIntel
TMP=C:\Users\PC\AppData\Local\Temp
TEMP=C:\Users\PC\AppData\Local\Temp




Periodic native trim disabled

---------------  S Y S T E M  ---------------

OS:
 Windows 11 , 64 bit Build 26100 (10.0.26100.4768)
OS uptime: 0 days 4:11 hours
Hyper-V role detected

CPU: total 8 (initial active 8) (4 cores per cpu, 2 threads per core) family 6 model 165 stepping 3 microcode 0xea, cx8, cmov, fxsr, ht, mmx, 3dnowpref, sse, sse2, sse3, ssse3, sse4.1, sse4.2, popcnt, lzcnt, tsc, tscinvbit, avx, avx2, aes, erms, clmul, bmi1, bmi2, adx, fma, vzeroupper, clflush, clflushopt, hv, rdtscp, f16c
Processor Information for all 8 processors :
  Max Mhz: 3600, Current Mhz: 3600, Mhz Limit: 3600

Memory: 4k page, system-wide physical 8021M (560M free)
TotalPageFile size 20309M (AvailPageFile size 3689M)
current process WorkingSet (physical memory assigned to process): 185M, peak: 186M
current process commit charge ("private bytes"): 262M, peak: 263M

vm_info: Java HotSpot(TM) 64-Bit Server VM (21.0.7+8-LTS-245) for windows-amd64 JRE (21.0.7+8-LTS-245), built on 2025-02-21T05:11:27Z by "mach5one" with MS VC++ 17.6 (VS2022)

END.
